<?xml version="1.0" encoding="UTF-8"?>
<!-- Generated by org.testng.reporters.JUnitXMLReporter -->
<testsuite ignored="0" hostname="DESKTOP-NRGQ5R0" failures="0" tests="5" name="Test(failed)" time="124.909" errors="0" timestamp="2024-11-01T14:07:10 IST">
  <testcase classname="testCase.TC003_LoginDDT" name="verify_LoginDDT" time="25.795"/>
  <testcase classname="testCase.TC003_LoginDDT" name="verify_LoginDDT" time="24.125"/>
  <testcase classname="testCase.TC003_LoginDDT" name="verify_LoginDDT" time="24.166"/>
  <testcase classname="testCase.TC003_LoginDDT" name="verify_LoginDDT" time="23.976"/>
  <testcase classname="testCase.TC003_LoginDDT" name="verify_LoginDDT" time="14.936"/>
</testsuite> <!-- Test(failed) -->
