<?xml version="1.0" encoding="UTF-8"?>
<!-- Generated by org.testng.reporters.JUnitXMLReporter -->
<testsuite ignored="1" hostname="DESKTOP-NRGQ5R0" failures="0" tests="2" name="Test" time="54.046" errors="0" timestamp="2024-11-01T08:23:48 IST">
  <testcase classname="testCase.TC001_AccountRegistrationTest" name="verify_account_registration" time="27.783"/>
  <testcase classname="testCase.TC002_LoginTest" name="verify_login" time="9.914"/>
  <testcase classname="testCase.TC003_LoginDDT" name="verify_LoginDDT" time="0.0">
    <ignored/>
  </testcase> <!-- verify_LoginDDT -->
</testsuite> <!-- Test -->
